ARM GAS  C:\Users\henry\AppData\Local\Temp\ccfwgCrb.s 			page 1


   1              		.cpu cortex-m3
   2              		.arch armv7-m
   3              		.fpu softvfp
   4              		.eabi_attribute 20, 1
   5              		.eabi_attribute 21, 1
   6              		.eabi_attribute 23, 3
   7              		.eabi_attribute 24, 1
   8              		.eabi_attribute 25, 1
   9              		.eabi_attribute 26, 1
  10              		.eabi_attribute 30, 1
  11              		.eabi_attribute 34, 1
  12              		.eabi_attribute 18, 4
  13              		.file	"usart.c"
  14              		.text
  15              	.Ltext0:
  16              		.cfi_sections	.debug_frame
  17              		.section	.text.MX_USART1_UART_Init,"ax",%progbits
  18              		.align	1
  19              		.global	MX_USART1_UART_Init
  20              		.syntax unified
  21              		.thumb
  22              		.thumb_func
  24              	MX_USART1_UART_Init:
  25              	.LFB68:
  26              		.file 1 "Core/Src/usart.c"
   1:Core/Src/usart.c **** /* USER CODE BEGIN Header */
   2:Core/Src/usart.c **** /**
   3:Core/Src/usart.c ****   ******************************************************************************
   4:Core/Src/usart.c ****   * @file    usart.c
   5:Core/Src/usart.c ****   * @brief   This file provides code for the configuration
   6:Core/Src/usart.c ****   *          of the USART instances.
   7:Core/Src/usart.c ****   ******************************************************************************
   8:Core/Src/usart.c ****   * @attention
   9:Core/Src/usart.c ****   *
  10:Core/Src/usart.c ****   * Copyright (c) 2022 STMicroelectronics.
  11:Core/Src/usart.c ****   * All rights reserved.
  12:Core/Src/usart.c ****   *
  13:Core/Src/usart.c ****   * This software is licensed under terms that can be found in the LICENSE file
  14:Core/Src/usart.c ****   * in the root directory of this software component.
  15:Core/Src/usart.c ****   * If no LICENSE file comes with this software, it is provided AS-IS.
  16:Core/Src/usart.c ****   *
  17:Core/Src/usart.c ****   ******************************************************************************
  18:Core/Src/usart.c ****   */
  19:Core/Src/usart.c **** /* USER CODE END Header */
  20:Core/Src/usart.c **** /* Includes ------------------------------------------------------------------*/
  21:Core/Src/usart.c **** #include "usart.h"
  22:Core/Src/usart.c **** 
  23:Core/Src/usart.c **** /* USER CODE BEGIN 0 */
  24:Core/Src/usart.c **** #include "stdio.h"
  25:Core/Src/usart.c **** #include "stdarg.h"
  26:Core/Src/usart.c **** /* USER CODE END 0 */
  27:Core/Src/usart.c **** 
  28:Core/Src/usart.c **** UART_HandleTypeDef huart1;
  29:Core/Src/usart.c **** 
  30:Core/Src/usart.c **** /* USART1 init function */
  31:Core/Src/usart.c **** 
  32:Core/Src/usart.c **** void MX_USART1_UART_Init(void)
ARM GAS  C:\Users\henry\AppData\Local\Temp\ccfwgCrb.s 			page 2


  33:Core/Src/usart.c **** {
  27              		.loc 1 33 1 view -0
  28              		.cfi_startproc
  29              		@ args = 0, pretend = 0, frame = 0
  30              		@ frame_needed = 0, uses_anonymous_args = 0
  31 0000 08B5     		push	{r3, lr}
  32              	.LCFI0:
  33              		.cfi_def_cfa_offset 8
  34              		.cfi_offset 3, -8
  35              		.cfi_offset 14, -4
  34:Core/Src/usart.c **** 
  35:Core/Src/usart.c ****   /* USER CODE BEGIN USART1_Init 0 */
  36:Core/Src/usart.c **** 
  37:Core/Src/usart.c ****   /* USER CODE END USART1_Init 0 */
  38:Core/Src/usart.c **** 
  39:Core/Src/usart.c ****   /* USER CODE BEGIN USART1_Init 1 */
  40:Core/Src/usart.c **** 
  41:Core/Src/usart.c ****   /* USER CODE END USART1_Init 1 */
  42:Core/Src/usart.c ****   huart1.Instance = USART1;
  36              		.loc 1 42 3 view .LVU1
  37              		.loc 1 42 19 is_stmt 0 view .LVU2
  38 0002 0A48     		ldr	r0, .L5
  39 0004 0A4B     		ldr	r3, .L5+4
  40 0006 0360     		str	r3, [r0]
  43:Core/Src/usart.c ****   huart1.Init.BaudRate = 115200;
  41              		.loc 1 43 3 is_stmt 1 view .LVU3
  42              		.loc 1 43 24 is_stmt 0 view .LVU4
  43 0008 4FF4E133 		mov	r3, #115200
  44 000c 4360     		str	r3, [r0, #4]
  44:Core/Src/usart.c ****   huart1.Init.WordLength = UART_WORDLENGTH_8B;
  45              		.loc 1 44 3 is_stmt 1 view .LVU5
  46              		.loc 1 44 26 is_stmt 0 view .LVU6
  47 000e 0023     		movs	r3, #0
  48 0010 8360     		str	r3, [r0, #8]
  45:Core/Src/usart.c ****   huart1.Init.StopBits = UART_STOPBITS_1;
  49              		.loc 1 45 3 is_stmt 1 view .LVU7
  50              		.loc 1 45 24 is_stmt 0 view .LVU8
  51 0012 C360     		str	r3, [r0, #12]
  46:Core/Src/usart.c ****   huart1.Init.Parity = UART_PARITY_NONE;
  52              		.loc 1 46 3 is_stmt 1 view .LVU9
  53              		.loc 1 46 22 is_stmt 0 view .LVU10
  54 0014 0361     		str	r3, [r0, #16]
  47:Core/Src/usart.c ****   huart1.Init.Mode = UART_MODE_TX_RX;
  55              		.loc 1 47 3 is_stmt 1 view .LVU11
  56              		.loc 1 47 20 is_stmt 0 view .LVU12
  57 0016 0C22     		movs	r2, #12
  58 0018 4261     		str	r2, [r0, #20]
  48:Core/Src/usart.c ****   huart1.Init.HwFlowCtl = UART_HWCONTROL_NONE;
  59              		.loc 1 48 3 is_stmt 1 view .LVU13
  60              		.loc 1 48 25 is_stmt 0 view .LVU14
  61 001a 8361     		str	r3, [r0, #24]
  49:Core/Src/usart.c ****   huart1.Init.OverSampling = UART_OVERSAMPLING_16;
  62              		.loc 1 49 3 is_stmt 1 view .LVU15
  63              		.loc 1 49 28 is_stmt 0 view .LVU16
  64 001c C361     		str	r3, [r0, #28]
  50:Core/Src/usart.c ****   if (HAL_UART_Init(&huart1) != HAL_OK)
  65              		.loc 1 50 3 is_stmt 1 view .LVU17
ARM GAS  C:\Users\henry\AppData\Local\Temp\ccfwgCrb.s 			page 3


  66              		.loc 1 50 7 is_stmt 0 view .LVU18
  67 001e FFF7FEFF 		bl	HAL_UART_Init
  68              	.LVL0:
  69              		.loc 1 50 6 view .LVU19
  70 0022 00B9     		cbnz	r0, .L4
  71              	.L1:
  51:Core/Src/usart.c ****   {
  52:Core/Src/usart.c ****     Error_Handler();
  53:Core/Src/usart.c ****   }
  54:Core/Src/usart.c ****   /* USER CODE BEGIN USART1_Init 2 */
  55:Core/Src/usart.c **** 
  56:Core/Src/usart.c ****   /* USER CODE END USART1_Init 2 */
  57:Core/Src/usart.c **** 
  58:Core/Src/usart.c **** }
  72              		.loc 1 58 1 view .LVU20
  73 0024 08BD     		pop	{r3, pc}
  74              	.L4:
  52:Core/Src/usart.c ****   }
  75              		.loc 1 52 5 is_stmt 1 view .LVU21
  76 0026 FFF7FEFF 		bl	Error_Handler
  77              	.LVL1:
  78              		.loc 1 58 1 is_stmt 0 view .LVU22
  79 002a FBE7     		b	.L1
  80              	.L6:
  81              		.align	2
  82              	.L5:
  83 002c 00000000 		.word	.LANCHOR0
  84 0030 00380140 		.word	1073821696
  85              		.cfi_endproc
  86              	.LFE68:
  88              		.section	.text.HAL_UART_MspInit,"ax",%progbits
  89              		.align	1
  90              		.global	HAL_UART_MspInit
  91              		.syntax unified
  92              		.thumb
  93              		.thumb_func
  95              	HAL_UART_MspInit:
  96              	.LVL2:
  97              	.LFB69:
  59:Core/Src/usart.c **** 
  60:Core/Src/usart.c **** void HAL_UART_MspInit(UART_HandleTypeDef* uartHandle)
  61:Core/Src/usart.c **** {
  98              		.loc 1 61 1 is_stmt 1 view -0
  99              		.cfi_startproc
 100              		@ args = 0, pretend = 0, frame = 24
 101              		@ frame_needed = 0, uses_anonymous_args = 0
 102              		.loc 1 61 1 is_stmt 0 view .LVU24
 103 0000 30B5     		push	{r4, r5, lr}
 104              	.LCFI1:
 105              		.cfi_def_cfa_offset 12
 106              		.cfi_offset 4, -12
 107              		.cfi_offset 5, -8
 108              		.cfi_offset 14, -4
 109 0002 87B0     		sub	sp, sp, #28
 110              	.LCFI2:
 111              		.cfi_def_cfa_offset 40
  62:Core/Src/usart.c **** 
ARM GAS  C:\Users\henry\AppData\Local\Temp\ccfwgCrb.s 			page 4


  63:Core/Src/usart.c ****   GPIO_InitTypeDef GPIO_InitStruct = {0};
 112              		.loc 1 63 3 is_stmt 1 view .LVU25
 113              		.loc 1 63 20 is_stmt 0 view .LVU26
 114 0004 0023     		movs	r3, #0
 115 0006 0293     		str	r3, [sp, #8]
 116 0008 0393     		str	r3, [sp, #12]
 117 000a 0493     		str	r3, [sp, #16]
 118 000c 0593     		str	r3, [sp, #20]
  64:Core/Src/usart.c ****   if(uartHandle->Instance==USART1)
 119              		.loc 1 64 3 is_stmt 1 view .LVU27
 120              		.loc 1 64 16 is_stmt 0 view .LVU28
 121 000e 0268     		ldr	r2, [r0]
 122              		.loc 1 64 5 view .LVU29
 123 0010 1B4B     		ldr	r3, .L11
 124 0012 9A42     		cmp	r2, r3
 125 0014 01D0     		beq	.L10
 126              	.LVL3:
 127              	.L7:
  65:Core/Src/usart.c ****   {
  66:Core/Src/usart.c ****   /* USER CODE BEGIN USART1_MspInit 0 */
  67:Core/Src/usart.c **** 
  68:Core/Src/usart.c ****   /* USER CODE END USART1_MspInit 0 */
  69:Core/Src/usart.c ****     /* USART1 clock enable */
  70:Core/Src/usart.c ****     __HAL_RCC_USART1_CLK_ENABLE();
  71:Core/Src/usart.c **** 
  72:Core/Src/usart.c ****     __HAL_RCC_GPIOA_CLK_ENABLE();
  73:Core/Src/usart.c ****     /**USART1 GPIO Configuration
  74:Core/Src/usart.c ****     PA9     ------> USART1_TX
  75:Core/Src/usart.c ****     PA10     ------> USART1_RX
  76:Core/Src/usart.c ****     */
  77:Core/Src/usart.c ****     GPIO_InitStruct.Pin = GPIO_PIN_9;
  78:Core/Src/usart.c ****     GPIO_InitStruct.Mode = GPIO_MODE_AF_PP;
  79:Core/Src/usart.c ****     GPIO_InitStruct.Speed = GPIO_SPEED_FREQ_HIGH;
  80:Core/Src/usart.c ****     HAL_GPIO_Init(GPIOA, &GPIO_InitStruct);
  81:Core/Src/usart.c **** 
  82:Core/Src/usart.c ****     GPIO_InitStruct.Pin = GPIO_PIN_10;
  83:Core/Src/usart.c ****     GPIO_InitStruct.Mode = GPIO_MODE_INPUT;
  84:Core/Src/usart.c ****     GPIO_InitStruct.Pull = GPIO_NOPULL;
  85:Core/Src/usart.c ****     HAL_GPIO_Init(GPIOA, &GPIO_InitStruct);
  86:Core/Src/usart.c **** 
  87:Core/Src/usart.c ****     /* USART1 interrupt Init */
  88:Core/Src/usart.c ****     HAL_NVIC_SetPriority(USART1_IRQn, 0, 0);
  89:Core/Src/usart.c ****     HAL_NVIC_EnableIRQ(USART1_IRQn);
  90:Core/Src/usart.c ****   /* USER CODE BEGIN USART1_MspInit 1 */
  91:Core/Src/usart.c **** 
  92:Core/Src/usart.c ****   /* USER CODE END USART1_MspInit 1 */
  93:Core/Src/usart.c ****   }
  94:Core/Src/usart.c **** }
 128              		.loc 1 94 1 view .LVU30
 129 0016 07B0     		add	sp, sp, #28
 130              	.LCFI3:
 131              		.cfi_remember_state
 132              		.cfi_def_cfa_offset 12
 133              		@ sp needed
 134 0018 30BD     		pop	{r4, r5, pc}
 135              	.LVL4:
 136              	.L10:
ARM GAS  C:\Users\henry\AppData\Local\Temp\ccfwgCrb.s 			page 5


 137              	.LCFI4:
 138              		.cfi_restore_state
  70:Core/Src/usart.c **** 
 139              		.loc 1 70 5 is_stmt 1 view .LVU31
 140              	.LBB2:
  70:Core/Src/usart.c **** 
 141              		.loc 1 70 5 view .LVU32
  70:Core/Src/usart.c **** 
 142              		.loc 1 70 5 view .LVU33
 143 001a 03F55843 		add	r3, r3, #55296
 144 001e 9A69     		ldr	r2, [r3, #24]
 145 0020 42F48042 		orr	r2, r2, #16384
 146 0024 9A61     		str	r2, [r3, #24]
  70:Core/Src/usart.c **** 
 147              		.loc 1 70 5 view .LVU34
 148 0026 9A69     		ldr	r2, [r3, #24]
 149 0028 02F48042 		and	r2, r2, #16384
 150 002c 0092     		str	r2, [sp]
  70:Core/Src/usart.c **** 
 151              		.loc 1 70 5 view .LVU35
 152 002e 009A     		ldr	r2, [sp]
 153              	.LBE2:
  70:Core/Src/usart.c **** 
 154              		.loc 1 70 5 view .LVU36
  72:Core/Src/usart.c ****     /**USART1 GPIO Configuration
 155              		.loc 1 72 5 view .LVU37
 156              	.LBB3:
  72:Core/Src/usart.c ****     /**USART1 GPIO Configuration
 157              		.loc 1 72 5 view .LVU38
  72:Core/Src/usart.c ****     /**USART1 GPIO Configuration
 158              		.loc 1 72 5 view .LVU39
 159 0030 9A69     		ldr	r2, [r3, #24]
 160 0032 42F00402 		orr	r2, r2, #4
 161 0036 9A61     		str	r2, [r3, #24]
  72:Core/Src/usart.c ****     /**USART1 GPIO Configuration
 162              		.loc 1 72 5 view .LVU40
 163 0038 9B69     		ldr	r3, [r3, #24]
 164 003a 03F00403 		and	r3, r3, #4
 165 003e 0193     		str	r3, [sp, #4]
  72:Core/Src/usart.c ****     /**USART1 GPIO Configuration
 166              		.loc 1 72 5 view .LVU41
 167 0040 019B     		ldr	r3, [sp, #4]
 168              	.LBE3:
  72:Core/Src/usart.c ****     /**USART1 GPIO Configuration
 169              		.loc 1 72 5 view .LVU42
  77:Core/Src/usart.c ****     GPIO_InitStruct.Mode = GPIO_MODE_AF_PP;
 170              		.loc 1 77 5 view .LVU43
  77:Core/Src/usart.c ****     GPIO_InitStruct.Mode = GPIO_MODE_AF_PP;
 171              		.loc 1 77 25 is_stmt 0 view .LVU44
 172 0042 4FF40073 		mov	r3, #512
 173 0046 0293     		str	r3, [sp, #8]
  78:Core/Src/usart.c ****     GPIO_InitStruct.Speed = GPIO_SPEED_FREQ_HIGH;
 174              		.loc 1 78 5 is_stmt 1 view .LVU45
  78:Core/Src/usart.c ****     GPIO_InitStruct.Speed = GPIO_SPEED_FREQ_HIGH;
 175              		.loc 1 78 26 is_stmt 0 view .LVU46
 176 0048 0223     		movs	r3, #2
 177 004a 0393     		str	r3, [sp, #12]
ARM GAS  C:\Users\henry\AppData\Local\Temp\ccfwgCrb.s 			page 6


  79:Core/Src/usart.c ****     HAL_GPIO_Init(GPIOA, &GPIO_InitStruct);
 178              		.loc 1 79 5 is_stmt 1 view .LVU47
  79:Core/Src/usart.c ****     HAL_GPIO_Init(GPIOA, &GPIO_InitStruct);
 179              		.loc 1 79 27 is_stmt 0 view .LVU48
 180 004c 0323     		movs	r3, #3
 181 004e 0593     		str	r3, [sp, #20]
  80:Core/Src/usart.c **** 
 182              		.loc 1 80 5 is_stmt 1 view .LVU49
 183 0050 0C4D     		ldr	r5, .L11+4
 184 0052 02A9     		add	r1, sp, #8
 185 0054 2846     		mov	r0, r5
 186              	.LVL5:
  80:Core/Src/usart.c **** 
 187              		.loc 1 80 5 is_stmt 0 view .LVU50
 188 0056 FFF7FEFF 		bl	HAL_GPIO_Init
 189              	.LVL6:
  82:Core/Src/usart.c ****     GPIO_InitStruct.Mode = GPIO_MODE_INPUT;
 190              		.loc 1 82 5 is_stmt 1 view .LVU51
  82:Core/Src/usart.c ****     GPIO_InitStruct.Mode = GPIO_MODE_INPUT;
 191              		.loc 1 82 25 is_stmt 0 view .LVU52
 192 005a 4FF48063 		mov	r3, #1024
 193 005e 0293     		str	r3, [sp, #8]
  83:Core/Src/usart.c ****     GPIO_InitStruct.Pull = GPIO_NOPULL;
 194              		.loc 1 83 5 is_stmt 1 view .LVU53
  83:Core/Src/usart.c ****     GPIO_InitStruct.Pull = GPIO_NOPULL;
 195              		.loc 1 83 26 is_stmt 0 view .LVU54
 196 0060 0024     		movs	r4, #0
 197 0062 0394     		str	r4, [sp, #12]
  84:Core/Src/usart.c ****     HAL_GPIO_Init(GPIOA, &GPIO_InitStruct);
 198              		.loc 1 84 5 is_stmt 1 view .LVU55
  84:Core/Src/usart.c ****     HAL_GPIO_Init(GPIOA, &GPIO_InitStruct);
 199              		.loc 1 84 26 is_stmt 0 view .LVU56
 200 0064 0494     		str	r4, [sp, #16]
  85:Core/Src/usart.c **** 
 201              		.loc 1 85 5 is_stmt 1 view .LVU57
 202 0066 02A9     		add	r1, sp, #8
 203 0068 2846     		mov	r0, r5
 204 006a FFF7FEFF 		bl	HAL_GPIO_Init
 205              	.LVL7:
  88:Core/Src/usart.c ****     HAL_NVIC_EnableIRQ(USART1_IRQn);
 206              		.loc 1 88 5 view .LVU58
 207 006e 2246     		mov	r2, r4
 208 0070 2146     		mov	r1, r4
 209 0072 2520     		movs	r0, #37
 210 0074 FFF7FEFF 		bl	HAL_NVIC_SetPriority
 211              	.LVL8:
  89:Core/Src/usart.c ****   /* USER CODE BEGIN USART1_MspInit 1 */
 212              		.loc 1 89 5 view .LVU59
 213 0078 2520     		movs	r0, #37
 214 007a FFF7FEFF 		bl	HAL_NVIC_EnableIRQ
 215              	.LVL9:
 216              		.loc 1 94 1 is_stmt 0 view .LVU60
 217 007e CAE7     		b	.L7
 218              	.L12:
 219              		.align	2
 220              	.L11:
 221 0080 00380140 		.word	1073821696
ARM GAS  C:\Users\henry\AppData\Local\Temp\ccfwgCrb.s 			page 7


 222 0084 00080140 		.word	1073809408
 223              		.cfi_endproc
 224              	.LFE69:
 226              		.section	.text.HAL_UART_MspDeInit,"ax",%progbits
 227              		.align	1
 228              		.global	HAL_UART_MspDeInit
 229              		.syntax unified
 230              		.thumb
 231              		.thumb_func
 233              	HAL_UART_MspDeInit:
 234              	.LVL10:
 235              	.LFB70:
  95:Core/Src/usart.c **** 
  96:Core/Src/usart.c **** void HAL_UART_MspDeInit(UART_HandleTypeDef* uartHandle)
  97:Core/Src/usart.c **** {
 236              		.loc 1 97 1 is_stmt 1 view -0
 237              		.cfi_startproc
 238              		@ args = 0, pretend = 0, frame = 0
 239              		@ frame_needed = 0, uses_anonymous_args = 0
 240              		.loc 1 97 1 is_stmt 0 view .LVU62
 241 0000 08B5     		push	{r3, lr}
 242              	.LCFI5:
 243              		.cfi_def_cfa_offset 8
 244              		.cfi_offset 3, -8
 245              		.cfi_offset 14, -4
  98:Core/Src/usart.c **** 
  99:Core/Src/usart.c ****   if(uartHandle->Instance==USART1)
 246              		.loc 1 99 3 is_stmt 1 view .LVU63
 247              		.loc 1 99 16 is_stmt 0 view .LVU64
 248 0002 0268     		ldr	r2, [r0]
 249              		.loc 1 99 5 view .LVU65
 250 0004 084B     		ldr	r3, .L17
 251 0006 9A42     		cmp	r2, r3
 252 0008 00D0     		beq	.L16
 253              	.LVL11:
 254              	.L13:
 100:Core/Src/usart.c ****   {
 101:Core/Src/usart.c ****   /* USER CODE BEGIN USART1_MspDeInit 0 */
 102:Core/Src/usart.c **** 
 103:Core/Src/usart.c ****   /* USER CODE END USART1_MspDeInit 0 */
 104:Core/Src/usart.c ****     /* Peripheral clock disable */
 105:Core/Src/usart.c ****     __HAL_RCC_USART1_CLK_DISABLE();
 106:Core/Src/usart.c **** 
 107:Core/Src/usart.c ****     /**USART1 GPIO Configuration
 108:Core/Src/usart.c ****     PA9     ------> USART1_TX
 109:Core/Src/usart.c ****     PA10     ------> USART1_RX
 110:Core/Src/usart.c ****     */
 111:Core/Src/usart.c ****     HAL_GPIO_DeInit(GPIOA, GPIO_PIN_9|GPIO_PIN_10);
 112:Core/Src/usart.c **** 
 113:Core/Src/usart.c ****     /* USART1 interrupt Deinit */
 114:Core/Src/usart.c ****     HAL_NVIC_DisableIRQ(USART1_IRQn);
 115:Core/Src/usart.c ****   /* USER CODE BEGIN USART1_MspDeInit 1 */
 116:Core/Src/usart.c **** 
 117:Core/Src/usart.c ****   /* USER CODE END USART1_MspDeInit 1 */
 118:Core/Src/usart.c ****   }
 119:Core/Src/usart.c **** }
 255              		.loc 1 119 1 view .LVU66
ARM GAS  C:\Users\henry\AppData\Local\Temp\ccfwgCrb.s 			page 8


 256 000a 08BD     		pop	{r3, pc}
 257              	.LVL12:
 258              	.L16:
 105:Core/Src/usart.c **** 
 259              		.loc 1 105 5 is_stmt 1 view .LVU67
 260 000c 074A     		ldr	r2, .L17+4
 261 000e 9369     		ldr	r3, [r2, #24]
 262 0010 23F48043 		bic	r3, r3, #16384
 263 0014 9361     		str	r3, [r2, #24]
 111:Core/Src/usart.c **** 
 264              		.loc 1 111 5 view .LVU68
 265 0016 4FF4C061 		mov	r1, #1536
 266 001a 0548     		ldr	r0, .L17+8
 267              	.LVL13:
 111:Core/Src/usart.c **** 
 268              		.loc 1 111 5 is_stmt 0 view .LVU69
 269 001c FFF7FEFF 		bl	HAL_GPIO_DeInit
 270              	.LVL14:
 114:Core/Src/usart.c ****   /* USER CODE BEGIN USART1_MspDeInit 1 */
 271              		.loc 1 114 5 is_stmt 1 view .LVU70
 272 0020 2520     		movs	r0, #37
 273 0022 FFF7FEFF 		bl	HAL_NVIC_DisableIRQ
 274              	.LVL15:
 275              		.loc 1 119 1 is_stmt 0 view .LVU71
 276 0026 F0E7     		b	.L13
 277              	.L18:
 278              		.align	2
 279              	.L17:
 280 0028 00380140 		.word	1073821696
 281 002c 00100240 		.word	1073876992
 282 0030 00080140 		.word	1073809408
 283              		.cfi_endproc
 284              	.LFE70:
 286              		.section	.text.debug_printf,"ax",%progbits
 287              		.align	1
 288              		.global	debug_printf
 289              		.syntax unified
 290              		.thumb
 291              		.thumb_func
 293              	debug_printf:
 294              	.LVL16:
 295              	.LFB71:
 120:Core/Src/usart.c **** 
 121:Core/Src/usart.c **** /* USER CODE BEGIN 1 */
 122:Core/Src/usart.c **** int debug_printf(const char *format, ...)
 123:Core/Src/usart.c **** {
 296              		.loc 1 123 1 is_stmt 1 view -0
 297              		.cfi_startproc
 298              		@ args = 4, pretend = 16, frame = 8
 299              		@ frame_needed = 0, uses_anonymous_args = 1
 300              		.loc 1 123 1 is_stmt 0 view .LVU73
 301 0000 0FB4     		push	{r0, r1, r2, r3}
 302              	.LCFI6:
 303              		.cfi_def_cfa_offset 16
 304              		.cfi_offset 0, -16
 305              		.cfi_offset 1, -12
 306              		.cfi_offset 2, -8
ARM GAS  C:\Users\henry\AppData\Local\Temp\ccfwgCrb.s 			page 9


 307              		.cfi_offset 3, -4
 308 0002 30B5     		push	{r4, r5, lr}
 309              	.LCFI7:
 310              		.cfi_def_cfa_offset 28
 311              		.cfi_offset 4, -28
 312              		.cfi_offset 5, -24
 313              		.cfi_offset 14, -20
 314 0004 83B0     		sub	sp, sp, #12
 315              	.LCFI8:
 316              		.cfi_def_cfa_offset 40
 317 0006 06AB     		add	r3, sp, #24
 318 0008 53F8042B 		ldr	r2, [r3], #4
 124:Core/Src/usart.c ****   static char buffer[256];
 319              		.loc 1 124 3 is_stmt 1 view .LVU74
 125:Core/Src/usart.c ****   va_list args;
 320              		.loc 1 125 3 view .LVU75
 126:Core/Src/usart.c ****   va_start(args, format);
 321              		.loc 1 126 3 view .LVU76
 322 000c 0193     		str	r3, [sp, #4]
 127:Core/Src/usart.c ****   int len = vsnprintf(buffer, sizeof(buffer), format, args);
 323              		.loc 1 127 3 view .LVU77
 324              		.loc 1 127 13 is_stmt 0 view .LVU78
 325 000e 0A4D     		ldr	r5, .L21
 326 0010 4FF48071 		mov	r1, #256
 327 0014 2846     		mov	r0, r5
 328 0016 FFF7FEFF 		bl	vsnprintf
 329              	.LVL17:
 330 001a 0446     		mov	r4, r0
 331              	.LVL18:
 128:Core/Src/usart.c ****   va_end(args);
 332              		.loc 1 128 3 is_stmt 1 view .LVU79
 129:Core/Src/usart.c ****   HAL_UART_Transmit(&huart1, (uint8_t*)buffer, len, 1000);
 333              		.loc 1 129 3 view .LVU80
 334 001c 4FF47A73 		mov	r3, #1000
 335 0020 82B2     		uxth	r2, r0
 336 0022 2946     		mov	r1, r5
 337 0024 0548     		ldr	r0, .L21+4
 338              	.LVL19:
 339              		.loc 1 129 3 is_stmt 0 view .LVU81
 340 0026 FFF7FEFF 		bl	HAL_UART_Transmit
 341              	.LVL20:
 130:Core/Src/usart.c ****   return len;
 342              		.loc 1 130 3 is_stmt 1 view .LVU82
 131:Core/Src/usart.c **** }
 343              		.loc 1 131 1 is_stmt 0 view .LVU83
 344 002a 2046     		mov	r0, r4
 345 002c 03B0     		add	sp, sp, #12
 346              	.LCFI9:
 347              		.cfi_def_cfa_offset 28
 348              		@ sp needed
 349 002e BDE83040 		pop	{r4, r5, lr}
 350              	.LCFI10:
 351              		.cfi_restore 14
 352              		.cfi_restore 5
 353              		.cfi_restore 4
 354              		.cfi_def_cfa_offset 16
 355              	.LVL21:
ARM GAS  C:\Users\henry\AppData\Local\Temp\ccfwgCrb.s 			page 10


 356              		.loc 1 131 1 view .LVU84
 357 0032 04B0     		add	sp, sp, #16
 358              	.LCFI11:
 359              		.cfi_restore 3
 360              		.cfi_restore 2
 361              		.cfi_restore 1
 362              		.cfi_restore 0
 363              		.cfi_def_cfa_offset 0
 364 0034 7047     		bx	lr
 365              	.L22:
 366 0036 00BF     		.align	2
 367              	.L21:
 368 0038 00000000 		.word	.LANCHOR1
 369 003c 00000000 		.word	.LANCHOR0
 370              		.cfi_endproc
 371              	.LFE71:
 373              		.global	huart1
 374              		.section	.bss.buffer.0,"aw",%nobits
 375              		.align	2
 376              		.set	.LANCHOR1,. + 0
 379              	buffer.0:
 380 0000 00000000 		.space	256
 380      00000000 
 380      00000000 
 380      00000000 
 380      00000000 
 381              		.section	.bss.huart1,"aw",%nobits
 382              		.align	2
 383              		.set	.LANCHOR0,. + 0
 386              	huart1:
 387 0000 00000000 		.space	68
 387      00000000 
 387      00000000 
 387      00000000 
 387      00000000 
 388              		.text
 389              	.Letext0:
 390              		.file 2 "Drivers/CMSIS/Device/ST/STM32F1xx/Include/stm32f103xb.h"
 391              		.file 3 "c:\\users\\henry\\scoop\\apps\\gcc-arm-none-eabi\\current\\arm-none-eabi\\include\\machin
 392              		.file 4 "c:\\users\\henry\\scoop\\apps\\gcc-arm-none-eabi\\current\\arm-none-eabi\\include\\sys\\_
 393              		.file 5 "c:\\users\\henry\\scoop\\apps\\gcc-arm-none-eabi\\current\\lib\\gcc\\arm-none-eabi\\11.3.
 394              		.file 6 "Drivers/STM32F1xx_HAL_Driver/Inc/stm32f1xx_hal_def.h"
 395              		.file 7 "Drivers/STM32F1xx_HAL_Driver/Inc/stm32f1xx_hal_gpio.h"
 396              		.file 8 "Drivers/STM32F1xx_HAL_Driver/Inc/stm32f1xx_hal_dma.h"
 397              		.file 9 "Drivers/STM32F1xx_HAL_Driver/Inc/stm32f1xx_hal_uart.h"
 398              		.file 10 "c:\\users\\henry\\scoop\\apps\\gcc-arm-none-eabi\\current\\lib\\gcc\\arm-none-eabi\\11.3
 399              		.file 11 "c:\\users\\henry\\scoop\\apps\\gcc-arm-none-eabi\\current\\arm-none-eabi\\include\\stdio
 400              		.file 12 "Drivers/STM32F1xx_HAL_Driver/Inc/stm32f1xx_hal_cortex.h"
 401              		.file 13 "Core/Inc/usart.h"
 402              		.file 14 "<built-in>"
 403              		.file 15 "Core/Inc/main.h"
ARM GAS  C:\Users\henry\AppData\Local\Temp\ccfwgCrb.s 			page 11


DEFINED SYMBOLS
                            *ABS*:00000000 usart.c
C:\Users\henry\AppData\Local\Temp\ccfwgCrb.s:18     .text.MX_USART1_UART_Init:00000000 $t
C:\Users\henry\AppData\Local\Temp\ccfwgCrb.s:24     .text.MX_USART1_UART_Init:00000000 MX_USART1_UART_Init
C:\Users\henry\AppData\Local\Temp\ccfwgCrb.s:83     .text.MX_USART1_UART_Init:0000002c $d
C:\Users\henry\AppData\Local\Temp\ccfwgCrb.s:89     .text.HAL_UART_MspInit:00000000 $t
C:\Users\henry\AppData\Local\Temp\ccfwgCrb.s:95     .text.HAL_UART_MspInit:00000000 HAL_UART_MspInit
C:\Users\henry\AppData\Local\Temp\ccfwgCrb.s:221    .text.HAL_UART_MspInit:00000080 $d
C:\Users\henry\AppData\Local\Temp\ccfwgCrb.s:227    .text.HAL_UART_MspDeInit:00000000 $t
C:\Users\henry\AppData\Local\Temp\ccfwgCrb.s:233    .text.HAL_UART_MspDeInit:00000000 HAL_UART_MspDeInit
C:\Users\henry\AppData\Local\Temp\ccfwgCrb.s:280    .text.HAL_UART_MspDeInit:00000028 $d
C:\Users\henry\AppData\Local\Temp\ccfwgCrb.s:287    .text.debug_printf:00000000 $t
C:\Users\henry\AppData\Local\Temp\ccfwgCrb.s:293    .text.debug_printf:00000000 debug_printf
C:\Users\henry\AppData\Local\Temp\ccfwgCrb.s:368    .text.debug_printf:00000038 $d
C:\Users\henry\AppData\Local\Temp\ccfwgCrb.s:386    .bss.huart1:00000000 huart1
C:\Users\henry\AppData\Local\Temp\ccfwgCrb.s:375    .bss.buffer.0:00000000 $d
C:\Users\henry\AppData\Local\Temp\ccfwgCrb.s:379    .bss.buffer.0:00000000 buffer.0
C:\Users\henry\AppData\Local\Temp\ccfwgCrb.s:382    .bss.huart1:00000000 $d

UNDEFINED SYMBOLS
HAL_UART_Init
Error_Handler
HAL_GPIO_Init
HAL_NVIC_SetPriority
HAL_NVIC_EnableIRQ
HAL_GPIO_DeInit
HAL_NVIC_DisableIRQ
vsnprintf
HAL_UART_Transmit
